<?xml version="1.0" encoding="UTF-8"?>
<testng-results skipped="1" failed="0" total="1" passed="0">
  <reporter-output>
  </reporter-output>
  <suite name="Default suite" duration-ms="178" started-at="2018-07-31T23:23:02Z" finished-at="2018-07-31T23:23:02Z">
    <groups>
    </groups>
    <test name="Default test" duration-ms="178" started-at="2018-07-31T23:23:02Z" finished-at="2018-07-31T23:23:02Z">
      <class name="com.actitime.customertest.CustomerTest">
        <test-method status="FAIL" signature="ConfigBC()[pri:0, instance:com.actitime.customertest.CustomerTest@28d25987]" name="ConfigBC" is-config="true" duration-ms="0" started-at="2018-07-31T11:23:02Z" finished-at="2018-07-31T11:23:02Z">
          <exception class="java.io.FileNotFoundException">
            <message>
              <![CDATA[.\TestData\TestData.properties (The system cannot find the path specified)]]>
            </message>
            <full-stacktrace>
              <![CDATA[java.io.FileNotFoundException: .\TestData\TestData.properties (The system cannot find the path specified)
	at java.io.FileInputStream.open0(Native Method)
	at java.io.FileInputStream.open(Unknown Source)
	at java.io.FileInputStream.<init>(Unknown Source)
	at java.io.FileInputStream.<init>(Unknown Source)
	at com.actitime.genericlib.FileUtils.getPropertiesFileObj(FileUtils.java:19)
	at com.actitime.genericlib.BaseClass.ConfigBC(BaseClass.java:25)
	at sun.reflect.NativeMethodAccessorImpl.invoke0(Native Method)
	at sun.reflect.NativeMethodAccessorImpl.invoke(Unknown Source)
	at sun.reflect.DelegatingMethodAccessorImpl.invoke(Unknown Source)
	at java.lang.reflect.Method.invoke(Unknown Source)
	at org.testng.internal.MethodInvocationHelper.invokeMethod(MethodInvocationHelper.java:85)
	at org.testng.internal.Invoker.invokeConfigurationMethod(Invoker.java:510)
	at org.testng.internal.Invoker.invokeConfigurations(Invoker.java:211)
	at org.testng.internal.Invoker.invokeConfigurations(Invoker.java:138)
	at org.testng.internal.TestMethodWorker.invokeBeforeClassMethods(TestMethodWorker.java:170)
	at org.testng.internal.TestMethodWorker.run(TestMethodWorker.java:104)
	at org.testng.TestRunner.privateRun(TestRunner.java:774)
	at org.testng.TestRunner.run(TestRunner.java:624)
	at org.testng.SuiteRunner.runTest(SuiteRunner.java:359)
	at org.testng.SuiteRunner.runSequentially(SuiteRunner.java:354)
	at org.testng.SuiteRunner.privateRun(SuiteRunner.java:312)
	at org.testng.SuiteRunner.run(SuiteRunner.java:261)
	at org.testng.SuiteRunnerWorker.runSuite(SuiteRunnerWorker.java:52)
	at org.testng.SuiteRunnerWorker.run(SuiteRunnerWorker.java:86)
	at org.testng.TestNG.runSuitesSequentially(TestNG.java:1215)
	at org.testng.TestNG.runSuitesLocally(TestNG.java:1140)
	at org.testng.TestNG.run(TestNG.java:1048)
	at org.testng.remote.AbstractRemoteTestNG.run(AbstractRemoteTestNG.java:114)
	at org.testng.remote.RemoteTestNG.initAndRun(RemoteTestNG.java:251)
	at org.testng.remote.RemoteTestNG.main(RemoteTestNG.java:77)
]]>
            </full-stacktrace>
          </exception> <!-- java.io.FileNotFoundException -->
          <reporter-output>
          </reporter-output>
        </test-method> <!-- ConfigBC -->
        <test-method status="SKIP" signature="ConfigBM()[pri:0, instance:com.actitime.customertest.CustomerTest@28d25987]" name="ConfigBM" is-config="true" duration-ms="0" started-at="2018-07-31T11:23:02Z" finished-at="2018-07-31T11:23:02Z">
          <reporter-output>
          </reporter-output>
        </test-method> <!-- ConfigBM -->
        <test-method status="SKIP" signature="creatCustomerTest()[pri:0, instance:com.actitime.customertest.CustomerTest@28d25987]" name="creatCustomerTest" duration-ms="6" started-at="2018-07-31T11:23:02Z" finished-at="2018-07-31T11:23:02Z">
          <reporter-output>
          </reporter-output>
        </test-method> <!-- creatCustomerTest -->
        <test-method status="SKIP" signature="ConfigAM()[pri:0, instance:com.actitime.customertest.CustomerTest@28d25987]" name="ConfigAM" is-config="true" duration-ms="0" started-at="2018-07-31T11:23:02Z" finished-at="2018-07-31T11:23:02Z">
          <reporter-output>
          </reporter-output>
        </test-method> <!-- ConfigAM -->
        <test-method status="SKIP" signature="ConfigAC()[pri:0, instance:com.actitime.customertest.CustomerTest@28d25987]" name="ConfigAC" is-config="true" duration-ms="0" started-at="2018-07-31T11:23:02Z" finished-at="2018-07-31T11:23:02Z">
          <reporter-output>
          </reporter-output>
        </test-method> <!-- ConfigAC -->
      </class> <!-- com.actitime.customertest.CustomerTest -->
    </test> <!-- Default test -->
  </suite> <!-- Default suite -->
</testng-results>
